<?xml version="1.0" encoding="UTF-8"?>
<!-- Generated by org.testng.reporters.JUnitXMLReporter -->
<testsuite ignored="0" hostname="DESKTOP-LL1B83L" failures="0" tests="5" name="Default test" time="38.137" errors="0" timestamp="2025-02-28T17:57:16 IST">
  <testcase classname="Youfoodlabs.Youfoodlabs.CartPage" name="TC_01" time="4.169"/>
  <testcase classname="Youfoodlabs.Youfoodlabs.CartPage" name="TC_02" time="7.035"/>
  <testcase classname="Youfoodlabs.Youfoodlabs.CartPage" name="TC_03" time="5.906"/>
  <testcase classname="Youfoodlabs.Youfoodlabs.CartPage" name="TC_04" time="3.316"/>
  <testcase classname="Youfoodlabs.Youfoodlabs.CartPage" name="TC_05" time="12.658"/>
</testsuite> <!-- Default test -->
