<?xml version="1.0" encoding="UTF-8"?>
<testng-results ignored="0" total="19" passed="19" failed="0" skipped="0">
  <reporter-output>
  </reporter-output>
  <suite started-at="2025-03-07T15:59:38 IST" name="Suite" finished-at="2025-03-07T16:02:02 IST" duration-ms="144177">
    <groups>
    </groups>
    <test started-at="2025-03-07T15:59:38 IST" name="Homepage_Tab" finished-at="2025-03-07T16:00:07 IST" duration-ms="29297">
      <class name="Youfoodlabs.Youfoodlabs.Homepage_Tab">
        <test-method is-config="true" signature="openbrowser()[pri:0, instance:Youfoodlabs.Youfoodlabs.Homepage_Tab@7bba5817]" started-at="2025-03-07T15:59:38 IST" name="openbrowser" description="openbrowser" finished-at="2025-03-07T15:59:49 IST" duration-ms="10844" status="PASS">
          <reporter-output>
          </reporter-output>
        </test-method> <!-- openbrowser -->
        <test-method signature="TC_01()[pri:0, instance:Youfoodlabs.Youfoodlabs.Homepage_Tab@7bba5817]" started-at="2025-03-07T15:59:49 IST" name="TC_01" description="click on shop Tab" finished-at="2025-03-07T15:59:59 IST" duration-ms="10517" status="PASS">
          <reporter-output>
          </reporter-output>
        </test-method> <!-- TC_01 -->
        <test-method signature="TC_02()[pri:0, instance:Youfoodlabs.Youfoodlabs.Homepage_Tab@7bba5817]" started-at="2025-03-07T15:59:59 IST" name="TC_02" description="click on shop Tab" finished-at="2025-03-07T16:00:04 IST" duration-ms="5235" status="PASS">
          <reporter-output>
          </reporter-output>
        </test-method> <!-- TC_02 -->
        <test-method signature="TC_03()[pri:0, instance:Youfoodlabs.Youfoodlabs.Homepage_Tab@7bba5817]" started-at="2025-03-07T16:00:04 IST" name="TC_03" description="click on About Us" finished-at="2025-03-07T16:00:05 IST" duration-ms="1020" status="PASS">
          <reporter-output>
          </reporter-output>
        </test-method> <!-- TC_03 -->
        <test-method signature="TC_04()[pri:0, instance:Youfoodlabs.Youfoodlabs.Homepage_Tab@7bba5817]" started-at="2025-03-07T16:00:05 IST" name="TC_04" description="click on our Beginning" finished-at="2025-03-07T16:00:06 IST" duration-ms="902" status="PASS">
          <reporter-output>
          </reporter-output>
        </test-method> <!-- TC_04 -->
        <test-method is-config="true" signature="Complete_Test()[pri:0, instance:Youfoodlabs.Youfoodlabs.Homepage_Tab@7bba5817]" started-at="2025-03-07T16:00:06 IST" name="Complete_Test" finished-at="2025-03-07T16:00:07 IST" duration-ms="724" status="PASS">
          <reporter-output>
          </reporter-output>
        </test-method> <!-- Complete_Test -->
      </class> <!-- Youfoodlabs.Youfoodlabs.Homepage_Tab -->
    </test> <!-- Homepage_Tab -->
    <test started-at="2025-03-07T16:00:07 IST" name="Homepage" finished-at="2025-03-07T16:00:54 IST" duration-ms="47261">
      <class name="Youfoodlabs.Youfoodlabs.Homepage">
        <test-method is-config="true" signature="LaunchBrowser()[pri:0, instance:Youfoodlabs.Youfoodlabs.Homepage@76494737]" started-at="2025-03-07T16:00:07 IST" name="LaunchBrowser" description="openbrowser" finished-at="2025-03-07T16:00:14 IST" duration-ms="7183" status="PASS">
          <reporter-output>
          </reporter-output>
        </test-method> <!-- LaunchBrowser -->
        <test-method signature="TC_01()[pri:0, instance:Youfoodlabs.Youfoodlabs.Homepage@76494737]" started-at="2025-03-07T16:00:14 IST" name="TC_01" description="click on shop our Range &amp; navigate Back" finished-at="2025-03-07T16:00:18 IST" duration-ms="4157" status="PASS">
          <reporter-output>
          </reporter-output>
        </test-method> <!-- TC_01 -->
        <test-method signature="TC_02()[pri:0, instance:Youfoodlabs.Youfoodlabs.Homepage@76494737]" started-at="2025-03-07T16:00:18 IST" name="TC_02" description="click on whats trending" finished-at="2025-03-07T16:00:27 IST" duration-ms="8745" status="PASS">
          <reporter-output>
          </reporter-output>
        </test-method> <!-- TC_02 -->
        <test-method signature="TC_03()[pri:0, instance:Youfoodlabs.Youfoodlabs.Homepage@76494737]" started-at="2025-03-07T16:00:27 IST" name="TC_03" description="click on Yu Got Featured" finished-at="2025-03-07T16:00:48 IST" duration-ms="20814" status="PASS">
          <reporter-output>
          </reporter-output>
        </test-method> <!-- TC_03 -->
        <test-method signature="TC_04()[pri:0, instance:Youfoodlabs.Youfoodlabs.Homepage@76494737]" started-at="2025-03-07T16:00:48 IST" name="TC_04" description="click on Footer&#039;s Quick Links" finished-at="2025-03-07T16:00:54 IST" duration-ms="5753" status="PASS">
          <reporter-output>
          </reporter-output>
        </test-method> <!-- TC_04 -->
        <test-method is-config="true" signature="Complete_Test()[pri:0, instance:Youfoodlabs.Youfoodlabs.Homepage@76494737]" started-at="2025-03-07T16:00:54 IST" name="Complete_Test" finished-at="2025-03-07T16:00:54 IST" duration-ms="594" status="PASS">
          <reporter-output>
          </reporter-output>
        </test-method> <!-- Complete_Test -->
      </class> <!-- Youfoodlabs.Youfoodlabs.Homepage -->
    </test> <!-- Homepage -->
    <test started-at="2025-03-07T16:00:54 IST" name="Checkout" finished-at="2025-03-07T16:01:25 IST" duration-ms="30095">
      <class name="Youfoodlabs.Youfoodlabs.Checkout">
        <test-method is-config="true" signature="Openbrowser()[pri:0, instance:Youfoodlabs.Youfoodlabs.Checkout@2b30a42c]" started-at="2025-03-07T16:00:54 IST" name="Openbrowser" description="openbrowser" finished-at="2025-03-07T16:01:02 IST" duration-ms="7529" status="PASS">
          <reporter-output>
          </reporter-output>
        </test-method> <!-- Openbrowser -->
        <test-method signature="TC_01()[pri:0, instance:Youfoodlabs.Youfoodlabs.Checkout@2b30a42c]" started-at="2025-03-07T16:01:02 IST" name="TC_01" description="Add product in Cart" finished-at="2025-03-07T16:01:02 IST" duration-ms="155" status="PASS">
          <reporter-output>
          </reporter-output>
        </test-method> <!-- TC_01 -->
        <test-method signature="TC_02()[pri:0, instance:Youfoodlabs.Youfoodlabs.Checkout@2b30a42c]" started-at="2025-03-07T16:01:02 IST" name="TC_02" description="click on checkout button from minicart" finished-at="2025-03-07T16:01:07 IST" duration-ms="5294" status="PASS">
          <reporter-output>
          </reporter-output>
        </test-method> <!-- TC_02 -->
        <test-method signature="TC_03()[pri:0, instance:Youfoodlabs.Youfoodlabs.Checkout@2b30a42c]" started-at="2025-03-07T16:01:07 IST" name="TC_03" description="Add contact Email" finished-at="2025-03-07T16:01:08 IST" duration-ms="138" status="PASS">
          <reporter-output>
          </reporter-output>
        </test-method> <!-- TC_03 -->
        <test-method signature="TC_04()[pri:0, instance:Youfoodlabs.Youfoodlabs.Checkout@2b30a42c]" started-at="2025-03-07T16:01:08 IST" name="TC_04" description="Add delivery Detail" finished-at="2025-03-07T16:01:12 IST" duration-ms="4433" status="PASS">
          <reporter-output>
          </reporter-output>
        </test-method> <!-- TC_04 -->
        <test-method signature="TC_05()[pri:0, instance:Youfoodlabs.Youfoodlabs.Checkout@2b30a42c]" started-at="2025-03-07T16:01:12 IST" name="TC_05" description="click on Paynow button" finished-at="2025-03-07T16:01:13 IST" duration-ms="519" status="PASS">
          <reporter-output>
          </reporter-output>
        </test-method> <!-- TC_05 -->
        <test-method signature="TC_06()[pri:0, instance:Youfoodlabs.Youfoodlabs.Checkout@2b30a42c]" started-at="2025-03-07T16:01:13 IST" name="TC_06" description="confirm the payment page" finished-at="2025-03-07T16:01:24 IST" duration-ms="11508" status="PASS">
          <reporter-output>
          </reporter-output>
        </test-method> <!-- TC_06 -->
        <test-method is-config="true" signature="closebrowser()[pri:0, instance:Youfoodlabs.Youfoodlabs.Checkout@2b30a42c]" started-at="2025-03-07T16:01:24 IST" name="closebrowser" finished-at="2025-03-07T16:01:25 IST" duration-ms="491" status="PASS">
          <reporter-output>
          </reporter-output>
        </test-method> <!-- closebrowser -->
      </class> <!-- Youfoodlabs.Youfoodlabs.Checkout -->
    </test> <!-- Checkout -->
    <test started-at="2025-03-07T16:01:25 IST" name="CartPage" finished-at="2025-03-07T16:02:02 IST" duration-ms="37471">
      <class name="Youfoodlabs.Youfoodlabs.CartPage">
        <test-method is-config="true" signature="openBrowser()[pri:0, instance:Youfoodlabs.Youfoodlabs.CartPage@6f10d5b6]" started-at="2025-03-07T16:01:25 IST" name="openBrowser" finished-at="2025-03-07T16:01:29 IST" duration-ms="4266" status="PASS">
          <reporter-output>
          </reporter-output>
        </test-method> <!-- openBrowser -->
        <test-method signature="TC_01()[pri:0, instance:Youfoodlabs.Youfoodlabs.CartPage@6f10d5b6]" started-at="2025-03-07T16:01:29 IST" name="TC_01" finished-at="2025-03-07T16:01:33 IST" duration-ms="3954" status="PASS">
          <reporter-output>
          </reporter-output>
        </test-method> <!-- TC_01 -->
        <test-method signature="TC_02()[pri:0, instance:Youfoodlabs.Youfoodlabs.CartPage@6f10d5b6]" started-at="2025-03-07T16:01:33 IST" name="TC_02" finished-at="2025-03-07T16:01:40 IST" duration-ms="7057" status="PASS">
          <reporter-output>
          </reporter-output>
        </test-method> <!-- TC_02 -->
        <test-method signature="TC_03()[pri:0, instance:Youfoodlabs.Youfoodlabs.CartPage@6f10d5b6]" started-at="2025-03-07T16:01:40 IST" name="TC_03" finished-at="2025-03-07T16:01:46 IST" duration-ms="6136" status="PASS">
          <reporter-output>
          </reporter-output>
        </test-method> <!-- TC_03 -->
        <test-method signature="TC_04()[pri:0, instance:Youfoodlabs.Youfoodlabs.CartPage@6f10d5b6]" started-at="2025-03-07T16:01:46 IST" name="TC_04" finished-at="2025-03-07T16:01:49 IST" duration-ms="3316" status="PASS">
          <reporter-output>
          </reporter-output>
        </test-method> <!-- TC_04 -->
        <test-method signature="TC_05()[pri:0, instance:Youfoodlabs.Youfoodlabs.CartPage@6f10d5b6]" started-at="2025-03-07T16:01:49 IST" name="TC_05" finished-at="2025-03-07T16:02:02 IST" duration-ms="12505" status="PASS">
          <reporter-output>
          </reporter-output>
        </test-method> <!-- TC_05 -->
        <test-method is-config="true" signature="closeBrowser()[pri:0, instance:Youfoodlabs.Youfoodlabs.CartPage@6f10d5b6]" started-at="2025-03-07T16:02:02 IST" name="closeBrowser" finished-at="2025-03-07T16:02:02 IST" duration-ms="221" status="PASS">
          <reporter-output>
          </reporter-output>
        </test-method> <!-- closeBrowser -->
      </class> <!-- Youfoodlabs.Youfoodlabs.CartPage -->
    </test> <!-- CartPage -->
  </suite> <!-- Suite -->
</testng-results>
