<?xml version="1.0" encoding="UTF-8"?>
<testng-results ignored="0" total="5" passed="5" failed="0" skipped="0">
  <reporter-output>
  </reporter-output>
  <suite started-at="2025-02-28T17:56:38 IST" name="Default suite" finished-at="2025-02-28T17:57:16 IST" duration-ms="38137">
    <groups>
    </groups>
    <test started-at="2025-02-28T17:56:38 IST" name="Default test" finished-at="2025-02-28T17:57:16 IST" duration-ms="38137">
      <class name="Youfoodlabs.Youfoodlabs.CartPage">
        <test-method is-config="true" signature="openBrowser()[pri:0, instance:Youfoodlabs.Youfoodlabs.CartPage@4a83a74a]" started-at="2025-02-28T17:56:38 IST" name="openBrowser" finished-at="2025-02-28T17:56:42 IST" duration-ms="4492" status="PASS">
          <reporter-output>
          </reporter-output>
        </test-method> <!-- openBrowser -->
        <test-method signature="TC_01()[pri:0, instance:Youfoodlabs.Youfoodlabs.CartPage@4a83a74a]" started-at="2025-02-28T17:56:42 IST" name="TC_01" finished-at="2025-02-28T17:56:47 IST" duration-ms="4169" status="PASS">
          <reporter-output>
          </reporter-output>
        </test-method> <!-- TC_01 -->
        <test-method signature="TC_02()[pri:0, instance:Youfoodlabs.Youfoodlabs.CartPage@4a83a74a]" started-at="2025-02-28T17:56:47 IST" name="TC_02" finished-at="2025-02-28T17:56:54 IST" duration-ms="7035" status="PASS">
          <reporter-output>
          </reporter-output>
        </test-method> <!-- TC_02 -->
        <test-method signature="TC_03()[pri:0, instance:Youfoodlabs.Youfoodlabs.CartPage@4a83a74a]" started-at="2025-02-28T17:56:54 IST" name="TC_03" finished-at="2025-02-28T17:56:59 IST" duration-ms="5906" status="PASS">
          <reporter-output>
          </reporter-output>
        </test-method> <!-- TC_03 -->
        <test-method signature="TC_04()[pri:0, instance:Youfoodlabs.Youfoodlabs.CartPage@4a83a74a]" started-at="2025-02-28T17:56:59 IST" name="TC_04" finished-at="2025-02-28T17:57:03 IST" duration-ms="3316" status="PASS">
          <reporter-output>
          </reporter-output>
        </test-method> <!-- TC_04 -->
        <test-method signature="TC_05()[pri:0, instance:Youfoodlabs.Youfoodlabs.CartPage@4a83a74a]" started-at="2025-02-28T17:57:03 IST" name="TC_05" finished-at="2025-02-28T17:57:15 IST" duration-ms="12658" status="PASS">
          <reporter-output>
          </reporter-output>
        </test-method> <!-- TC_05 -->
        <test-method is-config="true" signature="closeBrowser()[pri:0, instance:Youfoodlabs.Youfoodlabs.CartPage@4a83a74a]" started-at="2025-02-28T17:57:15 IST" name="closeBrowser" finished-at="2025-02-28T17:57:16 IST" duration-ms="460" status="PASS">
          <reporter-output>
          </reporter-output>
        </test-method> <!-- closeBrowser -->
      </class> <!-- Youfoodlabs.Youfoodlabs.CartPage -->
    </test> <!-- Default test -->
  </suite> <!-- Default suite -->
</testng-results>
