<?xml version="1.0" encoding="UTF-8"?>
<!-- Generated by org.testng.reporters.JUnitXMLReporter -->
<testsuite ignored="0" hostname="DESKTOP-0INDAG6" failures="0" tests="5" name="Default test" time="32.683" errors="0" timestamp="2025-02-12T14:29:28 IST">
  <testcase classname="YufoodsNew.yufoods.CartPage" name="TC_01" time="4.071"/>
  <testcase classname="YufoodsNew.yufoods.CartPage" name="TC_02" time="7.341"/>
  <testcase classname="YufoodsNew.yufoods.CartPage" name="TC_03" time="6.105"/>
  <testcase classname="YufoodsNew.yufoods.CartPage" name="TC_04" time="3.376"/>
  <testcase classname="YufoodsNew.yufoods.CartPage" name="TC_05" time="6.098"/>
</testsuite> <!-- Default test -->
