<?xml version="1.0" encoding="UTF-8"?>
<testng-results ignored="0" total="5" passed="5" failed="0" skipped="0">
  <reporter-output>
  </reporter-output>
  <suite started-at="2025-02-12T14:28:55 IST" name="Default suite" finished-at="2025-02-12T14:29:28 IST" duration-ms="32683">
    <groups>
    </groups>
    <test started-at="2025-02-12T14:28:55 IST" name="Default test" finished-at="2025-02-12T14:29:28 IST" duration-ms="32683">
      <class name="YufoodsNew.yufoods.CartPage">
        <test-method is-config="true" signature="openBrowser()[pri:0, instance:YufoodsNew.yufoods.CartPage@710c2b53]" started-at="2025-02-12T14:28:55 IST" name="openBrowser" finished-at="2025-02-12T14:29:01 IST" duration-ms="5341" status="PASS">
          <reporter-output>
          </reporter-output>
        </test-method> <!-- openBrowser -->
        <test-method signature="TC_01()[pri:0, instance:YufoodsNew.yufoods.CartPage@710c2b53]" started-at="2025-02-12T14:29:01 IST" name="TC_01" finished-at="2025-02-12T14:29:05 IST" duration-ms="4071" status="PASS">
          <reporter-output>
          </reporter-output>
        </test-method> <!-- TC_01 -->
        <test-method signature="TC_02()[pri:0, instance:YufoodsNew.yufoods.CartPage@710c2b53]" started-at="2025-02-12T14:29:05 IST" name="TC_02" finished-at="2025-02-12T14:29:12 IST" duration-ms="7341" status="PASS">
          <reporter-output>
          </reporter-output>
        </test-method> <!-- TC_02 -->
        <test-method signature="TC_03()[pri:0, instance:YufoodsNew.yufoods.CartPage@710c2b53]" started-at="2025-02-12T14:29:12 IST" name="TC_03" finished-at="2025-02-12T14:29:18 IST" duration-ms="6105" status="PASS">
          <reporter-output>
          </reporter-output>
        </test-method> <!-- TC_03 -->
        <test-method signature="TC_04()[pri:0, instance:YufoodsNew.yufoods.CartPage@710c2b53]" started-at="2025-02-12T14:29:18 IST" name="TC_04" finished-at="2025-02-12T14:29:22 IST" duration-ms="3376" status="PASS">
          <reporter-output>
          </reporter-output>
        </test-method> <!-- TC_04 -->
        <test-method signature="TC_05()[pri:0, instance:YufoodsNew.yufoods.CartPage@710c2b53]" started-at="2025-02-12T14:29:22 IST" name="TC_05" finished-at="2025-02-12T14:29:28 IST" duration-ms="6098" status="PASS">
          <reporter-output>
          </reporter-output>
        </test-method> <!-- TC_05 -->
        <test-method is-config="true" signature="closeBrowser()[pri:0, instance:YufoodsNew.yufoods.CartPage@710c2b53]" started-at="2025-02-12T14:29:28 IST" name="closeBrowser" finished-at="2025-02-12T14:29:28 IST" duration-ms="257" status="PASS">
          <reporter-output>
          </reporter-output>
        </test-method> <!-- closeBrowser -->
      </class> <!-- YufoodsNew.yufoods.CartPage -->
    </test> <!-- Default test -->
  </suite> <!-- Default suite -->
</testng-results>
