<?xml version="1.0" encoding="UTF-8"?>
<!-- Generated by org.testng.reporters.JUnitXMLReporter -->
<testsuite ignored="0" hostname="DESKTOP-LL1B83L" failures="0" tests="5" name="CartPage" time="37.471" errors="0" timestamp="2025-03-07T16:02:02 IST">
  <testcase classname="Youfoodlabs.Youfoodlabs.CartPage" name="TC_01" time="3.954"/>
  <testcase classname="Youfoodlabs.Youfoodlabs.CartPage" name="TC_02" time="7.057"/>
  <testcase classname="Youfoodlabs.Youfoodlabs.CartPage" name="TC_03" time="6.136"/>
  <testcase classname="Youfoodlabs.Youfoodlabs.CartPage" name="TC_04" time="3.316"/>
  <testcase classname="Youfoodlabs.Youfoodlabs.CartPage" name="TC_05" time="12.505"/>
</testsuite> <!-- CartPage -->
