<?xml version="1.0" encoding="UTF-8"?>
<!-- Generated by org.testng.reporters.JUnitXMLReporter -->
<testsuite ignored="0" hostname="DESKTOP-LL1B83L" failures="0" tests="6" name="Checkout" time="34.322" errors="0" timestamp="2024-12-26T12:17:26 IST">
  <testcase classname="Youfoodlabs.Youfoodlabs.Checkout" name="TC_01" time="0.559"/>
  <testcase classname="Youfoodlabs.Youfoodlabs.Checkout" name="TC_02" time="6.545"/>
  <testcase classname="Youfoodlabs.Youfoodlabs.Checkout" name="TC_03" time="0.446"/>
  <testcase classname="Youfoodlabs.Youfoodlabs.Checkout" name="TC_04" time="5.182"/>
  <testcase classname="Youfoodlabs.Youfoodlabs.Checkout" name="TC_05" time="1.094"/>
  <testcase classname="Youfoodlabs.Youfoodlabs.Checkout" name="TC_06" time="11.153"/>
</testsuite> <!-- Checkout -->
