<?xml version="1.0" encoding="UTF-8"?>
<!-- Generated by org.testng.reporters.JUnitXMLReporter -->
<testsuite ignored="0" hostname="DESKTOP-LL1B83L" failures="0" tests="4" name="Homepage" time="47.261" errors="0" timestamp="2025-03-07T16:00:54 IST">
  <testcase classname="Youfoodlabs.Youfoodlabs.Homepage" name="TC_01" time="4.157"/>
  <testcase classname="Youfoodlabs.Youfoodlabs.Homepage" name="TC_02" time="8.745"/>
  <testcase classname="Youfoodlabs.Youfoodlabs.Homepage" name="TC_03" time="20.814"/>
  <testcase classname="Youfoodlabs.Youfoodlabs.Homepage" name="TC_04" time="5.753"/>
</testsuite> <!-- Homepage -->
